{"level":"info","message":"Server running on port 3000","timestamp":"2025-09-17T06:04:11.102Z"}
{"level":"info","message":"Request received","method":"GET","timestamp":"2025-09-17T06:08:01.792Z","url":"/api/amplo-geral"}
{"level":"info","message":"Request received","method":"GET","timestamp":"2025-09-17T06:08:46.304Z","url":"/amplo-geral"}
{"level":"info","message":"Request received","method":"GET","timestamp":"2025-09-17T06:09:55.198Z","url":"/api/amplo-geral"}
{"level":"info","message":"Request received","method":"GET","timestamp":"2025-09-17T06:12:32.829Z","url":"/v1/amplo-geral"}
{"level":"info","message":"Server running on port 3000","timestamp":"2025-09-17T06:15:39.834Z"}
{"level":"info","message":"Request received","method":"GET","timestamp":"2025-09-17T06:15:50.259Z","url":"/v1/amplo-geral/status-publicacao"}
{"level":"info","message":"Request received","method":"GET","timestamp":"2025-09-17T06:16:05.273Z","url":"/v1/amplo-geral/status-instalacao"}
{"level":"info","message":"Request received","method":"GET","timestamp":"2025-09-17T06:16:12.578Z","url":"/v1/amplo-geral/nome-municipio?nome_municipio=Salvador"}
{"level":"info","message":"Request received","method":"GET","timestamp":"2025-09-17T06:16:21.931Z","url":"/v1/amplo-geral/status-visita?status_visita=Aprovado"}
{"level":"info","message":"Request received","method":"GET","timestamp":"2025-09-17T06:16:27.440Z","url":"/v1/amplo-geral/periodo-visita?periodo_visita=2025-09-21"}
{"level":"info","message":"Request received","method":"GET","timestamp":"2025-09-17T06:17:58.567Z","url":"/v1/amplo-geral/status-infra?status_infra=Aprovado"}
{"level":"info","message":"Request received","method":"GET","timestamp":"2025-09-17T06:18:05.637Z","url":"/v1/amplo-geral/publicacao?publicacao=2025-09-01"}
{"level":"info","message":"Request received","method":"GET","timestamp":"2025-09-17T06:18:11.193Z","url":"/v1/amplo-geral/instalacao?instalacao=2025-10-10"}
{"level":"info","message":"Request received","method":"GET","timestamp":"2025-09-17T06:18:28.581Z","url":"/v1/amplo-geral/status-visita-breakdown"}
{"level":"info","message":"Request received","method":"GET","timestamp":"2025-09-17T06:18:33.127Z","url":"/v1/amplo-geral/status-publicacao-breakdown"}
{"level":"info","message":"Request received","method":"GET","timestamp":"2025-09-17T06:18:38.002Z","url":"/v1/amplo-geral/status-instalacao-breakdown"}
{"level":"info","message":"Request received","method":"GET","timestamp":"2025-09-17T06:18:43.199Z","url":"/v1/amplo-geral/visited-cities"}
{"level":"info","message":"Request received","method":"GET","timestamp":"2025-09-17T06:18:48.168Z","url":"/v1/produtividade/top-cities?ano=2025&limit=10"}
{"level":"info","message":"Request received","method":"GET","timestamp":"2025-09-17T06:18:52.726Z","url":"/v1/produtividade/top-and-least-cities?ano=2025&limit=5"}
{"level":"info","message":"Request received","method":"GET","timestamp":"2025-09-17T06:18:56.493Z","url":"/v1/produtividade/by-cidade/Salvador"}
{"level":"info","message":"Request received","method":"GET","timestamp":"2025-09-17T06:19:00.840Z","url":"/v1/produtividade/least-cities?ano=2025&limit=5"}
{"level":"info","message":"Request received","method":"GET","timestamp":"2025-09-17T06:19:04.981Z","url":"/v1/produtividade/geral-mensal"}
{"level":"info","message":"Request received","method":"GET","timestamp":"2025-09-17T06:19:08.329Z","url":"/v1/produtividade/mensal?cin_amplo_geral_id=22&ano=2025"}
{"level":"info","message":"Request received","method":"POST","timestamp":"2025-09-17T06:19:17.016Z","url":"/v1/users/register"}
{"level":"info","message":"Request received","method":"POST","timestamp":"2025-09-17T06:19:21.370Z","url":"/v1/users/login"}
{"level":"info","message":"Request received","method":"POST","timestamp":"2025-09-17T06:19:27.665Z","url":"/v1/users/reset-password/request"}
{"level":"info","message":"Request received","method":"POST","timestamp":"2025-09-17T06:19:32.373Z","url":"/v1/users/reset-password/confirm"}
{"level":"info","message":"Request received","method":"PUT","timestamp":"2025-09-17T06:19:38.360Z","url":"/v1/users/1"}
{"level":"info","message":"Request received","method":"PUT","timestamp":"2025-09-17T06:19:43.242Z","url":"/v1/users/1/password"}
{"level":"info","message":"Request received","method":"POST","timestamp":"2025-09-17T06:20:05.551Z","url":"/v1/amplo-geral"}
{"level":"info","message":"Prisma disconnected, server shutting down","timestamp":"2025-09-17T07:10:38.895Z"}
{"level":"info","message":"Server running on port 3000","timestamp":"2025-09-17T07:17:23.408Z"}
{"level":"info","message":"Request received","method":"GET","timestamp":"2025-09-17T07:17:25.604Z","url":"/v1/produtividade/top-cities?ano=2025&limit=10"}
{"level":"info","message":"Prisma disconnected, server shutting down","timestamp":"2025-09-17T07:17:30.509Z"}
{"level":"info","message":"Server running on port 3000","timestamp":"2025-09-17T07:18:59.893Z"}
{"level":"info","message":"Request received","method":"GET","timestamp":"2025-09-17T07:34:41.878Z","url":"/v1/amplo-geral/visited-cities"}
{"level":"info","message":"Request received","method":"GET","timestamp":"2025-09-17T07:34:41.885Z","url":"/v1/amplo-geral/status-visita-breakdown"}
{"level":"info","message":"Request received","method":"GET","timestamp":"2025-09-17T07:34:41.887Z","url":"/v1/amplo-geral/status-publicacao-breakdown"}
{"level":"info","message":"Request received","method":"GET","timestamp":"2025-09-17T07:34:41.889Z","url":"/v1/amplo-geral/status-instalacao-breakdown"}
{"level":"info","message":"Request received","method":"GET","timestamp":"2025-09-17T07:34:41.892Z","url":"/v1/amplo-geral"}
{"level":"info","message":"Request received","method":"GET","timestamp":"2025-09-17T07:34:42.185Z","url":"/v1/produtividade/top-cities?ano=2025&limit=10"}
{"level":"info","message":"Request received","method":"GET","timestamp":"2025-09-17T07:34:42.188Z","url":"/v1/amplo-geral"}
{"level":"info","message":"Request received","method":"GET","timestamp":"2025-09-17T07:34:42.189Z","url":"/v1/produtividade/geral-mensal"}
{"level":"info","message":"Request received","method":"GET","timestamp":"2025-09-17T07:34:42.192Z","url":"/v1/amplo-geral/status-visita-breakdown"}
{"level":"info","message":"Request received","method":"GET","timestamp":"2025-09-17T07:34:42.195Z","url":"/v1/amplo-geral/status-publicacao-breakdown"}
{"level":"info","message":"Request received","method":"GET","timestamp":"2025-09-17T07:34:42.198Z","url":"/v1/amplo-geral/status-instalacao-breakdown"}
{"level":"info","message":"Request received","method":"GET","timestamp":"2025-09-17T07:34:42.204Z","url":"/v1/amplo-geral"}
{"level":"info","message":"Request received","method":"GET","timestamp":"2025-09-17T07:34:42.210Z","url":"/v1/amplo-geral/status-visita-breakdown"}
{"level":"info","message":"Request received","method":"GET","timestamp":"2025-09-17T07:34:42.211Z","url":"/v1/amplo-geral/status-publicacao-breakdown"}
{"level":"info","message":"Request received","method":"GET","timestamp":"2025-09-17T07:34:42.213Z","url":"/v1/amplo-geral/status-instalacao-breakdown"}
{"level":"info","message":"Request received","method":"GET","timestamp":"2025-09-17T07:34:44.825Z","url":"/v1/amplo-geral/visited-cities"}
{"level":"info","message":"Request received","method":"GET","timestamp":"2025-09-17T07:34:44.825Z","url":"/v1/amplo-geral/status-visita-breakdown"}
{"level":"info","message":"Request received","method":"GET","timestamp":"2025-09-17T07:34:44.826Z","url":"/v1/amplo-geral/status-publicacao-breakdown"}
{"level":"info","message":"Request received","method":"GET","timestamp":"2025-09-17T07:34:44.827Z","url":"/v1/amplo-geral/status-instalacao-breakdown"}
{"level":"info","message":"Request received","method":"GET","timestamp":"2025-09-17T07:34:44.827Z","url":"/v1/amplo-geral"}
{"level":"info","message":"Request received","method":"GET","timestamp":"2025-09-17T07:34:44.879Z","url":"/v1/amplo-geral"}
{"level":"info","message":"Request received","method":"GET","timestamp":"2025-09-17T07:34:44.880Z","url":"/v1/produtividade/top-cities?ano=2025&limit=10"}
{"level":"info","message":"Request received","method":"GET","timestamp":"2025-09-17T07:34:44.886Z","url":"/v1/produtividade/geral-mensal"}
{"level":"info","message":"Request received","method":"GET","timestamp":"2025-09-17T07:34:44.888Z","url":"/v1/amplo-geral/status-visita-breakdown"}
{"level":"info","message":"Request received","method":"GET","timestamp":"2025-09-17T07:34:44.889Z","url":"/v1/amplo-geral/status-publicacao-breakdown"}
{"level":"info","message":"Request received","method":"GET","timestamp":"2025-09-17T07:34:44.891Z","url":"/v1/amplo-geral/status-instalacao-breakdown"}
{"level":"info","message":"Request received","method":"GET","timestamp":"2025-09-17T07:34:44.895Z","url":"/v1/amplo-geral"}
{"level":"info","message":"Request received","method":"GET","timestamp":"2025-09-17T07:34:44.900Z","url":"/v1/amplo-geral/status-visita-breakdown"}
{"level":"info","message":"Request received","method":"GET","timestamp":"2025-09-17T07:34:44.901Z","url":"/v1/amplo-geral/status-publicacao-breakdown"}
{"level":"info","message":"Request received","method":"GET","timestamp":"2025-09-17T07:34:44.903Z","url":"/v1/amplo-geral/status-instalacao-breakdown"}
{"level":"info","message":"Request received","method":"GET","timestamp":"2025-09-17T07:34:49.470Z","url":"/v1/amplo-geral/visited-cities"}
{"level":"info","message":"Request received","method":"GET","timestamp":"2025-09-17T07:34:49.471Z","url":"/v1/amplo-geral/status-visita-breakdown"}
{"level":"info","message":"Request received","method":"GET","timestamp":"2025-09-17T07:34:49.472Z","url":"/v1/amplo-geral/status-publicacao-breakdown"}
{"level":"info","message":"Request received","method":"GET","timestamp":"2025-09-17T07:34:49.473Z","url":"/v1/amplo-geral/status-instalacao-breakdown"}
{"level":"info","message":"Request received","method":"GET","timestamp":"2025-09-17T07:34:49.474Z","url":"/v1/amplo-geral"}
{"level":"info","message":"Request received","method":"GET","timestamp":"2025-09-17T07:34:49.519Z","url":"/v1/amplo-geral"}
{"level":"info","message":"Request received","method":"GET","timestamp":"2025-09-17T07:34:49.520Z","url":"/v1/produtividade/top-cities?ano=2025&limit=10"}
{"level":"info","message":"Request received","method":"GET","timestamp":"2025-09-17T07:34:49.521Z","url":"/v1/produtividade/geral-mensal"}
{"level":"info","message":"Request received","method":"GET","timestamp":"2025-09-17T07:34:49.522Z","url":"/v1/amplo-geral/status-visita-breakdown"}
{"level":"info","message":"Request received","method":"GET","timestamp":"2025-09-17T07:34:49.523Z","url":"/v1/amplo-geral/status-publicacao-breakdown"}
{"level":"info","message":"Request received","method":"GET","timestamp":"2025-09-17T07:34:49.524Z","url":"/v1/amplo-geral/status-instalacao-breakdown"}
{"level":"info","message":"Request received","method":"GET","timestamp":"2025-09-17T07:34:49.529Z","url":"/v1/amplo-geral"}
{"level":"info","message":"Request received","method":"GET","timestamp":"2025-09-17T07:34:49.534Z","url":"/v1/amplo-geral/status-visita-breakdown"}
{"level":"info","message":"Request received","method":"GET","timestamp":"2025-09-17T07:34:49.535Z","url":"/v1/amplo-geral/status-publicacao-breakdown"}
{"level":"info","message":"Request received","method":"GET","timestamp":"2025-09-17T07:34:49.536Z","url":"/v1/amplo-geral/status-instalacao-breakdown"}
{"level":"info","message":"Request received","method":"GET","timestamp":"2025-09-17T07:34:51.035Z","url":"/v1/amplo-geral/visited-cities"}
{"level":"info","message":"Request received","method":"GET","timestamp":"2025-09-17T07:34:51.036Z","url":"/v1/amplo-geral/status-visita-breakdown"}
{"level":"info","message":"Request received","method":"GET","timestamp":"2025-09-17T07:34:51.037Z","url":"/v1/amplo-geral/status-publicacao-breakdown"}
{"level":"info","message":"Request received","method":"GET","timestamp":"2025-09-17T07:34:51.038Z","url":"/v1/amplo-geral/status-instalacao-breakdown"}
{"level":"info","message":"Request received","method":"GET","timestamp":"2025-09-17T07:34:51.040Z","url":"/v1/amplo-geral"}
{"level":"info","message":"Request received","method":"GET","timestamp":"2025-09-17T07:34:54.049Z","url":"/v1/amplo-geral/visited-cities"}
{"level":"info","message":"Request received","method":"GET","timestamp":"2025-09-17T07:34:54.050Z","url":"/v1/amplo-geral/status-visita-breakdown"}
{"level":"info","message":"Request received","method":"GET","timestamp":"2025-09-17T07:34:54.052Z","url":"/v1/amplo-geral/status-publicacao-breakdown"}
{"level":"info","message":"Request received","method":"GET","timestamp":"2025-09-17T07:34:54.055Z","url":"/v1/amplo-geral/status-instalacao-breakdown"}
{"level":"info","message":"Request received","method":"GET","timestamp":"2025-09-17T07:34:54.062Z","url":"/v1/amplo-geral"}
{"level":"info","message":"Request received","method":"GET","timestamp":"2025-09-17T07:34:54.776Z","url":"/v1/amplo-geral/visited-cities"}
{"level":"info","message":"Request received","method":"GET","timestamp":"2025-09-17T07:34:54.778Z","url":"/v1/amplo-geral/status-visita-breakdown"}
{"level":"info","message":"Request received","method":"GET","timestamp":"2025-09-17T07:34:54.779Z","url":"/v1/amplo-geral/status-publicacao-breakdown"}
{"level":"info","message":"Request received","method":"GET","timestamp":"2025-09-17T07:34:54.780Z","url":"/v1/amplo-geral/status-instalacao-breakdown"}
{"level":"info","message":"Request received","method":"GET","timestamp":"2025-09-17T07:34:54.781Z","url":"/v1/amplo-geral"}
{"level":"info","message":"Request received","method":"GET","timestamp":"2025-09-17T07:34:58.350Z","url":"/v1/amplo-geral/visited-cities"}
{"level":"info","message":"Request received","method":"GET","timestamp":"2025-09-17T07:34:58.351Z","url":"/v1/amplo-geral/status-visita-breakdown"}
{"level":"info","message":"Request received","method":"GET","timestamp":"2025-09-17T07:34:58.352Z","url":"/v1/amplo-geral/status-publicacao-breakdown"}
{"level":"info","message":"Request received","method":"GET","timestamp":"2025-09-17T07:34:58.352Z","url":"/v1/amplo-geral/status-instalacao-breakdown"}
{"level":"info","message":"Request received","method":"GET","timestamp":"2025-09-17T07:34:58.353Z","url":"/v1/amplo-geral"}
{"level":"info","message":"Request received","method":"GET","timestamp":"2025-09-17T10:18:29.131Z","url":"/v1/amplo-geral/visited-cities"}
{"level":"info","message":"Request received","method":"GET","timestamp":"2025-09-17T10:18:29.137Z","url":"/v1/amplo-geral/status-visita-breakdown"}
{"level":"info","message":"Request received","method":"GET","timestamp":"2025-09-17T10:18:29.138Z","url":"/v1/amplo-geral/status-publicacao-breakdown"}
{"level":"info","message":"Request received","method":"GET","timestamp":"2025-09-17T10:18:29.139Z","url":"/v1/amplo-geral/status-instalacao-breakdown"}
{"level":"info","message":"Request received","method":"GET","timestamp":"2025-09-17T10:18:29.140Z","url":"/v1/amplo-geral"}
{"level":"info","message":"Request received","method":"GET","timestamp":"2025-09-17T10:18:29.416Z","url":"/v1/amplo-geral"}
{"level":"info","message":"Request received","method":"GET","timestamp":"2025-09-17T10:18:29.417Z","url":"/v1/produtividade/top-cities?ano=2025&limit=10"}
{"level":"info","message":"Request received","method":"GET","timestamp":"2025-09-17T10:18:29.420Z","url":"/v1/produtividade/geral-mensal"}
{"level":"info","message":"Request received","method":"GET","timestamp":"2025-09-17T10:18:29.422Z","url":"/v1/amplo-geral/status-visita-breakdown"}
{"level":"info","message":"Request received","method":"GET","timestamp":"2025-09-17T10:18:29.424Z","url":"/v1/amplo-geral/status-publicacao-breakdown"}
{"level":"info","message":"Request received","method":"GET","timestamp":"2025-09-17T10:18:29.427Z","url":"/v1/amplo-geral/status-instalacao-breakdown"}
{"level":"info","message":"Request received","method":"GET","timestamp":"2025-09-17T10:18:29.430Z","url":"/v1/amplo-geral"}
{"level":"info","message":"Request received","method":"GET","timestamp":"2025-09-17T10:18:29.438Z","url":"/v1/amplo-geral/status-visita-breakdown"}
{"level":"info","message":"Request received","method":"GET","timestamp":"2025-09-17T10:18:29.440Z","url":"/v1/amplo-geral/status-publicacao-breakdown"}
{"level":"info","message":"Request received","method":"GET","timestamp":"2025-09-17T10:18:29.441Z","url":"/v1/amplo-geral/status-instalacao-breakdown"}
{"level":"info","message":"Request received","method":"GET","timestamp":"2025-09-17T10:18:38.256Z","url":"/v1/amplo-geral/visited-cities"}
{"level":"info","message":"Request received","method":"GET","timestamp":"2025-09-17T10:18:38.259Z","url":"/v1/amplo-geral/status-visita-breakdown"}
{"level":"info","message":"Request received","method":"GET","timestamp":"2025-09-17T10:18:38.266Z","url":"/v1/amplo-geral/status-publicacao-breakdown"}
{"level":"info","message":"Request received","method":"GET","timestamp":"2025-09-17T10:18:38.271Z","url":"/v1/amplo-geral/status-instalacao-breakdown"}
{"level":"info","message":"Request received","method":"GET","timestamp":"2025-09-17T10:18:38.274Z","url":"/v1/amplo-geral"}
{"level":"info","message":"Request received","method":"GET","timestamp":"2025-09-17T13:01:38.166Z","url":"/v1/amplo-geral/visited-cities"}
{"level":"info","message":"Request received","method":"GET","timestamp":"2025-09-17T13:07:34.575Z","url":"/v1/amplo-geral/visited-cities"}
{"level":"info","message":"Request received","method":"GET","timestamp":"2025-09-17T13:08:40.396Z","url":"/v1/amplo-geral/status-visita-breakdown"}
{"level":"info","message":"Request received","method":"GET","timestamp":"2025-09-17T13:09:17.039Z","url":"/v1/amplo-geral/status-publicacao-breakdown"}
{"level":"info","message":"Request received","method":"GET","timestamp":"2025-09-17T13:10:27.272Z","url":"/v1/amplo-geral/status-instalacao-breakdown"}
{"level":"info","message":"Request received","method":"GET","timestamp":"2025-09-17T13:11:14.057Z","url":"/v1/amplo-geral"}
{"level":"info","message":"Request received","method":"GET","timestamp":"2025-09-17T13:12:11.203Z","url":"/v1/produtividade/top-cities?ano=2025&limit=10"}
{"level":"info","message":"Request received","method":"GET","timestamp":"2025-09-17T13:13:06.994Z","url":"/v1/produtividade/geral-mensal"}
{"level":"info","message":"Request received","method":"GET","timestamp":"2025-09-17T13:13:24.453Z","url":"/v1/produtividade/by-cidade/Salvador"}
{"level":"info","message":"Request received","method":"GET","timestamp":"2025-09-17T13:15:47.268Z","url":"/v1/amplo-geral/nome-municipio?nome_municipio=Salvador"}
{"level":"info","message":"Request received","method":"GET","timestamp":"2025-09-17T13:17:41.584Z","url":"/v1/amplo-geral/visited-cities"}
{"level":"info","message":"Request received","method":"GET","timestamp":"2025-09-17T13:17:41.586Z","url":"/v1/amplo-geral/status-visita-breakdown"}
{"level":"info","message":"Request received","method":"GET","timestamp":"2025-09-17T13:17:41.587Z","url":"/v1/amplo-geral/status-publicacao-breakdown"}
{"level":"info","message":"Request received","method":"GET","timestamp":"2025-09-17T13:17:41.589Z","url":"/v1/amplo-geral/status-instalacao-breakdown"}
{"level":"info","message":"Request received","method":"GET","timestamp":"2025-09-17T13:17:41.591Z","url":"/v1/amplo-geral"}
{"level":"info","message":"Request received","method":"GET","timestamp":"2025-09-17T13:18:05.694Z","url":"/v1/amplo-geral/visited-cities"}
{"level":"info","message":"Request received","method":"GET","timestamp":"2025-09-17T13:18:05.696Z","url":"/v1/amplo-geral/status-visita-breakdown"}
{"level":"info","message":"Request received","method":"GET","timestamp":"2025-09-17T13:18:05.697Z","url":"/v1/amplo-geral/status-publicacao-breakdown"}
{"level":"info","message":"Request received","method":"GET","timestamp":"2025-09-17T13:18:05.699Z","url":"/v1/amplo-geral/status-instalacao-breakdown"}
{"level":"info","message":"Request received","method":"GET","timestamp":"2025-09-17T13:18:05.700Z","url":"/v1/amplo-geral"}
{"level":"info","message":"Request received","method":"GET","timestamp":"2025-09-17T13:18:14.164Z","url":"/v1/amplo-geral/visited-cities"}
{"level":"info","message":"Request received","method":"GET","timestamp":"2025-09-17T13:18:14.166Z","url":"/v1/amplo-geral/status-visita-breakdown"}
{"level":"info","message":"Request received","method":"GET","timestamp":"2025-09-17T13:18:14.167Z","url":"/v1/amplo-geral/status-publicacao-breakdown"}
{"level":"info","message":"Request received","method":"GET","timestamp":"2025-09-17T13:18:14.170Z","url":"/v1/amplo-geral/status-instalacao-breakdown"}
{"level":"info","message":"Request received","method":"GET","timestamp":"2025-09-17T13:18:14.171Z","url":"/v1/amplo-geral"}
{"level":"info","message":"Request received","method":"GET","timestamp":"2025-09-17T13:18:14.274Z","url":"/v1/amplo-geral"}
{"level":"info","message":"Request received","method":"GET","timestamp":"2025-09-17T13:18:14.286Z","url":"/v1/produtividade/top-cities?ano=2025&limit=10"}
{"level":"info","message":"Request received","method":"GET","timestamp":"2025-09-17T13:18:14.287Z","url":"/v1/produtividade/geral-mensal"}
{"level":"info","message":"Request received","method":"GET","timestamp":"2025-09-17T13:18:14.289Z","url":"/v1/amplo-geral/status-visita-breakdown"}
{"level":"info","message":"Request received","method":"GET","timestamp":"2025-09-17T13:18:14.291Z","url":"/v1/amplo-geral/status-publicacao-breakdown"}
{"level":"info","message":"Request received","method":"GET","timestamp":"2025-09-17T13:18:14.292Z","url":"/v1/amplo-geral/status-instalacao-breakdown"}
{"level":"info","message":"Request received","method":"GET","timestamp":"2025-09-17T13:18:14.298Z","url":"/v1/amplo-geral"}
{"level":"info","message":"Request received","method":"GET","timestamp":"2025-09-17T13:18:14.304Z","url":"/v1/amplo-geral/status-visita-breakdown"}
{"level":"info","message":"Request received","method":"GET","timestamp":"2025-09-17T13:18:14.309Z","url":"/v1/amplo-geral/status-publicacao-breakdown"}
{"level":"info","message":"Request received","method":"GET","timestamp":"2025-09-17T13:18:14.312Z","url":"/v1/amplo-geral/status-instalacao-breakdown"}
{"level":"info","message":"Request received","method":"GET","timestamp":"2025-09-17T13:18:27.652Z","url":"/v1/amplo-geral/visited-cities"}
{"level":"info","message":"Request received","method":"GET","timestamp":"2025-09-17T13:18:27.664Z","url":"/v1/amplo-geral/status-visita-breakdown"}
{"level":"info","message":"Request received","method":"GET","timestamp":"2025-09-17T13:18:27.673Z","url":"/v1/amplo-geral/status-publicacao-breakdown"}
{"level":"info","message":"Request received","method":"GET","timestamp":"2025-09-17T13:18:27.675Z","url":"/v1/amplo-geral/status-instalacao-breakdown"}
{"level":"info","message":"Request received","method":"GET","timestamp":"2025-09-17T13:18:27.677Z","url":"/v1/amplo-geral"}
{"level":"info","message":"Request received","method":"GET","timestamp":"2025-09-17T13:18:28.661Z","url":"/v1/amplo-geral/visited-cities"}
{"level":"info","message":"Request received","method":"GET","timestamp":"2025-09-17T13:18:28.666Z","url":"/v1/amplo-geral/status-visita-breakdown"}
{"level":"info","message":"Request received","method":"GET","timestamp":"2025-09-17T13:18:28.713Z","url":"/v1/amplo-geral/status-publicacao-breakdown"}
{"level":"info","message":"Request received","method":"GET","timestamp":"2025-09-17T13:18:28.714Z","url":"/v1/amplo-geral/status-instalacao-breakdown"}
{"level":"info","message":"Request received","method":"GET","timestamp":"2025-09-17T13:18:28.715Z","url":"/v1/amplo-geral"}
{"level":"info","message":"Request received","method":"GET","timestamp":"2025-09-17T13:18:34.993Z","url":"/v1/amplo-geral/visited-cities"}
{"level":"info","message":"Request received","method":"GET","timestamp":"2025-09-17T13:18:34.996Z","url":"/v1/amplo-geral/status-visita-breakdown"}
{"level":"info","message":"Request received","method":"GET","timestamp":"2025-09-17T13:18:34.998Z","url":"/v1/amplo-geral/status-publicacao-breakdown"}
{"level":"info","message":"Request received","method":"GET","timestamp":"2025-09-17T13:18:35.000Z","url":"/v1/amplo-geral/status-instalacao-breakdown"}
{"level":"info","message":"Request received","method":"GET","timestamp":"2025-09-17T13:18:35.002Z","url":"/v1/amplo-geral"}
{"level":"info","message":"Request received","method":"GET","timestamp":"2025-09-17T13:18:58.077Z","url":"/v1/amplo-geral/visited-cities"}
{"level":"info","message":"Request received","method":"GET","timestamp":"2025-09-17T13:18:58.079Z","url":"/v1/amplo-geral/status-instalacao-breakdown"}
{"level":"info","message":"Request received","method":"GET","timestamp":"2025-09-17T13:18:58.081Z","url":"/v1/amplo-geral"}
{"level":"info","message":"Request received","method":"GET","timestamp":"2025-09-17T13:18:58.083Z","url":"/v1/amplo-geral/status-publicacao-breakdown"}
{"level":"info","message":"Request received","method":"GET","timestamp":"2025-09-17T13:18:58.084Z","url":"/v1/amplo-geral/status-visita-breakdown"}
{"level":"info","message":"Request received","method":"GET","timestamp":"2025-09-17T13:19:09.127Z","url":"/v1/amplo-geral/visited-cities"}
{"level":"info","message":"Request received","method":"GET","timestamp":"2025-09-17T13:19:09.131Z","url":"/v1/amplo-geral/status-visita-breakdown"}
{"level":"info","message":"Request received","method":"GET","timestamp":"2025-09-17T13:19:09.133Z","url":"/v1/amplo-geral/status-publicacao-breakdown"}
{"level":"info","message":"Request received","method":"GET","timestamp":"2025-09-17T13:19:09.135Z","url":"/v1/amplo-geral/status-instalacao-breakdown"}
{"level":"info","message":"Request received","method":"GET","timestamp":"2025-09-17T13:19:09.136Z","url":"/v1/amplo-geral"}
{"level":"info","message":"Request received","method":"GET","timestamp":"2025-09-17T13:19:22.587Z","url":"/v1/amplo-geral/visited-cities"}
{"level":"info","message":"Request received","method":"GET","timestamp":"2025-09-17T13:19:22.589Z","url":"/v1/amplo-geral/status-visita-breakdown"}
{"level":"info","message":"Request received","method":"GET","timestamp":"2025-09-17T13:19:22.590Z","url":"/v1/amplo-geral/status-publicacao-breakdown"}
{"level":"info","message":"Request received","method":"GET","timestamp":"2025-09-17T13:19:22.591Z","url":"/v1/amplo-geral/status-instalacao-breakdown"}
{"level":"info","message":"Request received","method":"GET","timestamp":"2025-09-17T13:19:22.592Z","url":"/v1/amplo-geral"}
{"level":"info","message":"Request received","method":"GET","timestamp":"2025-09-17T13:20:38.649Z","url":"/v1/amplo-geral/visited-cities"}
{"level":"info","message":"Request received","method":"GET","timestamp":"2025-09-17T13:20:38.651Z","url":"/v1/amplo-geral/status-visita-breakdown"}
{"level":"info","message":"Request received","method":"GET","timestamp":"2025-09-17T13:20:38.652Z","url":"/v1/amplo-geral/status-publicacao-breakdown"}
{"level":"info","message":"Request received","method":"GET","timestamp":"2025-09-17T13:20:38.653Z","url":"/v1/amplo-geral/status-instalacao-breakdown"}
{"level":"info","message":"Request received","method":"GET","timestamp":"2025-09-17T13:20:38.654Z","url":"/v1/amplo-geral"}
{"level":"info","message":"Request received","method":"GET","timestamp":"2025-09-17T14:47:43.112Z","url":"/v1/amplo-geral/visited-cities"}
{"level":"info","message":"Request received","method":"GET","timestamp":"2025-09-17T14:47:43.115Z","url":"/v1/amplo-geral/status-visita-breakdown"}
{"level":"info","message":"Request received","method":"GET","timestamp":"2025-09-17T14:47:43.117Z","url":"/v1/amplo-geral/status-publicacao-breakdown"}
{"level":"info","message":"Request received","method":"GET","timestamp":"2025-09-17T14:47:43.119Z","url":"/v1/amplo-geral/status-instalacao-breakdown"}
{"level":"info","message":"Request received","method":"GET","timestamp":"2025-09-17T14:47:43.121Z","url":"/v1/amplo-geral"}
{"level":"info","message":"Request received","method":"GET","timestamp":"2025-09-17T14:47:47.640Z","url":"/v1/amplo-geral/visited-cities"}
{"level":"info","message":"Request received","method":"GET","timestamp":"2025-09-17T14:47:47.641Z","url":"/v1/amplo-geral/status-visita-breakdown"}
{"level":"info","message":"Request received","method":"GET","timestamp":"2025-09-17T14:47:47.643Z","url":"/v1/amplo-geral/status-publicacao-breakdown"}
{"level":"info","message":"Request received","method":"GET","timestamp":"2025-09-17T14:47:47.644Z","url":"/v1/amplo-geral/status-instalacao-breakdown"}
{"level":"info","message":"Request received","method":"GET","timestamp":"2025-09-17T14:47:47.645Z","url":"/v1/amplo-geral"}
{"level":"info","message":"Request received","method":"GET","timestamp":"2025-09-17T14:47:47.709Z","url":"/v1/amplo-geral"}
{"level":"info","message":"Request received","method":"GET","timestamp":"2025-09-17T14:47:47.710Z","url":"/v1/produtividade/top-cities?ano=2025&limit=10"}
{"level":"info","message":"Request received","method":"GET","timestamp":"2025-09-17T14:47:47.712Z","url":"/v1/produtividade/geral-mensal"}
{"level":"info","message":"Request received","method":"GET","timestamp":"2025-09-17T14:47:47.713Z","url":"/v1/amplo-geral/status-visita-breakdown"}
{"level":"info","message":"Request received","method":"GET","timestamp":"2025-09-17T14:47:47.714Z","url":"/v1/amplo-geral/status-publicacao-breakdown"}
{"level":"info","message":"Request received","method":"GET","timestamp":"2025-09-17T14:47:47.717Z","url":"/v1/amplo-geral/status-instalacao-breakdown"}
{"level":"info","message":"Request received","method":"GET","timestamp":"2025-09-17T14:47:47.720Z","url":"/v1/amplo-geral"}
{"level":"info","message":"Request received","method":"GET","timestamp":"2025-09-17T14:47:47.727Z","url":"/v1/amplo-geral/status-visita-breakdown"}
{"level":"info","message":"Request received","method":"GET","timestamp":"2025-09-17T14:47:47.730Z","url":"/v1/amplo-geral/status-publicacao-breakdown"}
{"level":"info","message":"Request received","method":"GET","timestamp":"2025-09-17T14:47:47.735Z","url":"/v1/amplo-geral/status-instalacao-breakdown"}
{"level":"info","message":"Request received","method":"GET","timestamp":"2025-09-17T14:50:44.799Z","url":"/v1/amplo-geral/visited-cities"}
{"level":"info","message":"Request received","method":"GET","timestamp":"2025-09-17T14:50:44.800Z","url":"/v1/amplo-geral/status-visita-breakdown"}
{"level":"info","message":"Request received","method":"GET","timestamp":"2025-09-17T14:50:44.802Z","url":"/v1/amplo-geral/status-publicacao-breakdown"}
{"level":"info","message":"Request received","method":"GET","timestamp":"2025-09-17T14:50:44.803Z","url":"/v1/amplo-geral/status-instalacao-breakdown"}
{"level":"info","message":"Request received","method":"GET","timestamp":"2025-09-17T14:50:44.805Z","url":"/v1/amplo-geral"}
{"level":"info","message":"Request received","method":"GET","timestamp":"2025-09-17T14:50:44.807Z","url":"/v1/produtividade/top-cities?ano=2025&limit=10"}
{"level":"info","message":"Request received","method":"GET","timestamp":"2025-09-17T14:50:44.815Z","url":"/v1/produtividade/geral-mensal"}
{"level":"info","message":"Request received","method":"GET","timestamp":"2025-09-17T14:50:44.819Z","url":"/v1/amplo-geral"}
{"level":"info","message":"Request received","method":"GET","timestamp":"2025-09-17T14:50:44.825Z","url":"/v1/amplo-geral"}
{"level":"info","message":"Request received","method":"GET","timestamp":"2025-09-17T14:54:04.320Z","url":"/v1/amplo-geral/visited-cities"}
{"level":"info","message":"Request received","method":"GET","timestamp":"2025-09-17T14:54:04.321Z","url":"/v1/amplo-geral/status-visita-breakdown"}
{"level":"info","message":"Request received","method":"GET","timestamp":"2025-09-17T14:54:04.322Z","url":"/v1/amplo-geral/status-publicacao-breakdown"}
{"level":"info","message":"Request received","method":"GET","timestamp":"2025-09-17T14:54:04.331Z","url":"/v1/amplo-geral/status-instalacao-breakdown"}
{"level":"info","message":"Request received","method":"GET","timestamp":"2025-09-17T14:54:04.337Z","url":"/v1/amplo-geral"}
{"level":"info","message":"Request received","method":"GET","timestamp":"2025-09-17T14:54:04.342Z","url":"/v1/produtividade/top-cities?ano=2025&limit=10"}
{"level":"info","message":"Request received","method":"GET","timestamp":"2025-09-17T14:54:04.410Z","url":"/v1/produtividade/geral-mensal"}
{"level":"info","message":"Request received","method":"GET","timestamp":"2025-09-17T14:54:04.427Z","url":"/v1/amplo-geral"}
{"level":"info","message":"Request received","method":"GET","timestamp":"2025-09-17T14:54:04.433Z","url":"/v1/amplo-geral"}
{"level":"info","message":"Request received","method":"GET","timestamp":"2025-09-17T15:03:19.824Z","url":"/v1/amplo-geral/visited-cities"}
{"level":"info","message":"Request received","method":"GET","timestamp":"2025-09-17T15:03:19.825Z","url":"/v1/amplo-geral/status-visita-breakdown"}
{"level":"info","message":"Request received","method":"GET","timestamp":"2025-09-17T15:03:19.826Z","url":"/v1/amplo-geral/status-publicacao-breakdown"}
{"level":"info","message":"Request received","method":"GET","timestamp":"2025-09-17T15:03:19.828Z","url":"/v1/amplo-geral/status-instalacao-breakdown"}
{"level":"info","message":"Request received","method":"GET","timestamp":"2025-09-17T15:03:19.829Z","url":"/v1/amplo-geral"}
{"level":"info","message":"Request received","method":"GET","timestamp":"2025-09-17T15:03:48.792Z","url":"/v1/amplo-geral/visited-cities"}
{"level":"info","message":"Request received","method":"GET","timestamp":"2025-09-17T15:03:48.794Z","url":"/v1/amplo-geral/status-visita-breakdown"}
{"level":"info","message":"Request received","method":"GET","timestamp":"2025-09-17T15:03:48.794Z","url":"/v1/amplo-geral/status-publicacao-breakdown"}
{"level":"info","message":"Request received","method":"GET","timestamp":"2025-09-17T15:03:48.795Z","url":"/v1/amplo-geral/status-instalacao-breakdown"}
{"level":"info","message":"Request received","method":"GET","timestamp":"2025-09-17T15:03:48.796Z","url":"/v1/amplo-geral"}
{"level":"info","message":"Request received","method":"GET","timestamp":"2025-09-17T15:08:57.806Z","url":"/v1/amplo-geral/visited-cities"}
{"level":"info","message":"Request received","method":"GET","timestamp":"2025-09-17T15:08:57.807Z","url":"/v1/amplo-geral/status-visita-breakdown"}
{"level":"info","message":"Request received","method":"GET","timestamp":"2025-09-17T15:08:57.808Z","url":"/v1/amplo-geral/status-publicacao-breakdown"}
{"level":"info","message":"Request received","method":"GET","timestamp":"2025-09-17T15:08:57.810Z","url":"/v1/amplo-geral/status-instalacao-breakdown"}
{"level":"info","message":"Request received","method":"GET","timestamp":"2025-09-17T15:08:57.811Z","url":"/v1/amplo-geral"}
{"level":"info","message":"Request received","method":"GET","timestamp":"2025-09-17T15:08:57.814Z","url":"/v1/produtividade/top-cities?ano=2025&limit=10"}
{"level":"info","message":"Request received","method":"GET","timestamp":"2025-09-17T15:08:57.887Z","url":"/v1/produtividade/geral-mensal"}
{"level":"info","message":"Request received","method":"GET","timestamp":"2025-09-17T15:08:57.891Z","url":"/v1/amplo-geral"}
{"level":"info","message":"Request received","method":"GET","timestamp":"2025-09-17T15:08:57.896Z","url":"/v1/amplo-geral"}
{"level":"info","message":"Request received","method":"GET","timestamp":"2025-09-17T15:21:15.005Z","url":"/v1/amplo-geral/visited-cities"}
{"level":"info","message":"Request received","method":"GET","timestamp":"2025-09-17T15:21:15.006Z","url":"/v1/amplo-geral/status-visita-breakdown"}
{"level":"info","message":"Request received","method":"GET","timestamp":"2025-09-17T15:21:15.007Z","url":"/v1/amplo-geral/status-publicacao-breakdown"}
{"level":"info","message":"Request received","method":"GET","timestamp":"2025-09-17T15:21:15.008Z","url":"/v1/amplo-geral/status-instalacao-breakdown"}
{"level":"info","message":"Request received","method":"GET","timestamp":"2025-09-17T15:21:15.010Z","url":"/v1/amplo-geral"}
{"level":"info","message":"Request received","method":"GET","timestamp":"2025-09-17T15:21:15.159Z","url":"/v1/amplo-geral"}
{"level":"info","message":"Request received","method":"GET","timestamp":"2025-09-17T15:21:15.160Z","url":"/v1/produtividade/top-cities?ano=2025&limit=10"}
{"level":"info","message":"Request received","method":"GET","timestamp":"2025-09-17T15:21:15.162Z","url":"/v1/produtividade/geral-mensal"}
{"level":"info","message":"Request received","method":"GET","timestamp":"2025-09-17T15:21:15.163Z","url":"/v1/amplo-geral/status-visita-breakdown"}
{"level":"info","message":"Request received","method":"GET","timestamp":"2025-09-17T15:21:15.165Z","url":"/v1/amplo-geral/status-publicacao-breakdown"}
{"level":"info","message":"Request received","method":"GET","timestamp":"2025-09-17T15:21:15.168Z","url":"/v1/amplo-geral/status-instalacao-breakdown"}
{"level":"info","message":"Request received","method":"GET","timestamp":"2025-09-17T15:21:15.174Z","url":"/v1/amplo-geral"}
{"level":"info","message":"Request received","method":"GET","timestamp":"2025-09-17T15:21:15.180Z","url":"/v1/amplo-geral/status-publicacao-breakdown"}
{"level":"info","message":"Request received","method":"GET","timestamp":"2025-09-17T15:21:15.184Z","url":"/v1/amplo-geral/status-visita-breakdown"}
{"level":"info","message":"Request received","method":"GET","timestamp":"2025-09-17T15:21:15.186Z","url":"/v1/amplo-geral/status-instalacao-breakdown"}
{"level":"info","message":"Request received","method":"GET","timestamp":"2025-09-17T15:21:29.896Z","url":"/v1/amplo-geral/nome-municipio?nome_municipio=Len%C3%A7%C3%B3is"}
{"level":"info","message":"Request received","method":"GET","timestamp":"2025-09-17T15:21:31.476Z","url":"/v1/amplo-geral/nome-municipio?nome_municipio=Canudos"}
{"level":"info","message":"Request received","method":"GET","timestamp":"2025-09-17T15:21:32.380Z","url":"/v1/amplo-geral/nome-municipio?nome_municipio=Itapicuru"}
{"level":"info","message":"Request received","method":"GET","timestamp":"2025-09-17T15:21:33.351Z","url":"/v1/amplo-geral/nome-municipio?nome_municipio=Conde"}
{"level":"info","message":"Request received","method":"GET","timestamp":"2025-09-17T15:21:34.003Z","url":"/v1/amplo-geral/nome-municipio?nome_municipio=Entre%20Rios"}
{"level":"info","message":"Request received","method":"GET","timestamp":"2025-09-17T15:21:38.029Z","url":"/v1/amplo-geral/nome-municipio?nome_municipio=Salvador"}
{"level":"info","message":"Request received","method":"GET","timestamp":"2025-09-17T15:21:42.130Z","url":"/v1/amplo-geral/nome-municipio?nome_municipio=Formosa%20do%20Rio%20Preto"}
{"level":"info","message":"Request received","method":"GET","timestamp":"2025-09-17T15:21:42.562Z","url":"/v1/amplo-geral/nome-municipio?nome_municipio=Luis%20Eduardo%20Magalh%C3%A3es"}
{"level":"info","message":"Request received","method":"GET","timestamp":"2025-09-17T15:21:43.170Z","url":"/v1/amplo-geral/nome-municipio?nome_municipio=Barreiras"}
{"level":"info","message":"Request received","method":"GET","timestamp":"2025-09-17T15:21:43.647Z","url":"/v1/amplo-geral/nome-municipio?nome_municipio=S%C3%A3o%20Desid%C3%A9rio"}
{"level":"info","message":"Request received","method":"GET","timestamp":"2025-09-17T15:21:44.193Z","url":"/v1/amplo-geral/nome-municipio?nome_municipio=Correntina"}
{"level":"info","message":"Request received","method":"GET","timestamp":"2025-09-17T15:21:44.857Z","url":"/v1/amplo-geral/nome-municipio?nome_municipio=Jaborandi"}
{"level":"info","message":"Request received","method":"GET","timestamp":"2025-09-17T15:21:45.268Z","url":"/v1/amplo-geral/nome-municipio?nome_municipio=Cocos"}
{"level":"info","message":"Request received","method":"GET","timestamp":"2025-09-17T15:21:46.027Z","url":"/v1/amplo-geral/nome-municipio?nome_municipio=Coribe"}
{"level":"info","message":"Request received","method":"GET","timestamp":"2025-09-17T15:21:46.803Z","url":"/v1/amplo-geral/nome-municipio?nome_municipio=Santa%20Maria%20da%20Vit%C3%B3ria"}
{"level":"info","message":"Request received","method":"GET","timestamp":"2025-09-17T15:21:47.274Z","url":"/v1/amplo-geral/nome-municipio?nome_municipio=Santana"}
{"level":"info","message":"Request received","method":"GET","timestamp":"2025-09-17T15:21:47.722Z","url":"/v1/amplo-geral/nome-municipio?nome_municipio=Baian%C3%B3polis"}
{"level":"info","message":"Request received","method":"GET","timestamp":"2025-09-17T15:21:48.217Z","url":"/v1/amplo-geral/nome-municipio?nome_municipio=Wanderley"}
{"level":"info","message":"Request received","method":"GET","timestamp":"2025-09-17T15:22:24.922Z","url":"/v1/amplo-geral/visited-cities"}
{"level":"info","message":"Request received","method":"GET","timestamp":"2025-09-17T15:22:24.932Z","url":"/v1/amplo-geral/status-visita-breakdown"}
{"level":"info","message":"Request received","method":"GET","timestamp":"2025-09-17T15:22:24.935Z","url":"/v1/amplo-geral/status-publicacao-breakdown"}
{"level":"info","message":"Request received","method":"GET","timestamp":"2025-09-17T15:22:24.939Z","url":"/v1/amplo-geral"}
{"level":"info","message":"Request received","method":"GET","timestamp":"2025-09-17T15:22:24.943Z","url":"/v1/amplo-geral/status-instalacao-breakdown"}
{"level":"info","message":"Request received","method":"GET","timestamp":"2025-09-17T15:22:24.966Z","url":"/v1/produtividade/top-cities?ano=2025&limit=10"}
{"level":"info","message":"Request received","method":"GET","timestamp":"2025-09-17T15:22:24.974Z","url":"/v1/produtividade/geral-mensal"}
{"level":"info","message":"Request received","method":"GET","timestamp":"2025-09-17T15:22:24.979Z","url":"/v1/amplo-geral/nome-municipio?nome_municipio=Wanderley"}
{"level":"info","message":"Request received","method":"GET","timestamp":"2025-09-17T15:22:24.987Z","url":"/v1/amplo-geral"}
{"level":"info","message":"Request received","method":"GET","timestamp":"2025-09-17T15:22:24.992Z","url":"/v1/amplo-geral"}
{"level":"info","message":"Request received","method":"GET","timestamp":"2025-09-17T15:22:58.860Z","url":"/v1/amplo-geral/visited-cities"}
{"level":"info","message":"Request received","method":"GET","timestamp":"2025-09-17T15:22:58.861Z","url":"/v1/amplo-geral/status-visita-breakdown"}
{"level":"info","message":"Request received","method":"GET","timestamp":"2025-09-17T15:22:58.862Z","url":"/v1/amplo-geral/status-publicacao-breakdown"}
{"level":"info","message":"Request received","method":"GET","timestamp":"2025-09-17T15:22:58.864Z","url":"/v1/amplo-geral/status-instalacao-breakdown"}
{"level":"info","message":"Request received","method":"GET","timestamp":"2025-09-17T15:22:58.865Z","url":"/v1/amplo-geral"}
{"level":"info","message":"Request received","method":"GET","timestamp":"2025-09-17T15:22:58.867Z","url":"/v1/produtividade/top-cities?ano=2025&limit=10"}
{"level":"info","message":"Request received","method":"GET","timestamp":"2025-09-17T15:22:58.873Z","url":"/v1/produtividade/geral-mensal"}
{"level":"info","message":"Request received","method":"GET","timestamp":"2025-09-17T15:22:58.885Z","url":"/v1/amplo-geral/nome-municipio?nome_municipio=Wanderley"}
{"level":"info","message":"Request received","method":"GET","timestamp":"2025-09-17T15:22:58.889Z","url":"/v1/amplo-geral"}
{"level":"info","message":"Request received","method":"GET","timestamp":"2025-09-17T15:22:58.901Z","url":"/v1/amplo-geral"}
{"level":"info","message":"Request received","method":"GET","timestamp":"2025-09-17T15:23:10.887Z","url":"/v1/produtividade/top-cities?ano=2025&limit=10"}
{"level":"info","message":"Request received","method":"GET","timestamp":"2025-09-17T15:23:14.230Z","url":"/v1/amplo-geral/visited-cities"}
{"level":"info","message":"Request received","method":"GET","timestamp":"2025-09-17T15:23:14.239Z","url":"/v1/amplo-geral/status-visita-breakdown"}
{"level":"info","message":"Request received","method":"GET","timestamp":"2025-09-17T15:23:14.241Z","url":"/v1/amplo-geral/status-publicacao-breakdown"}
{"level":"info","message":"Request received","method":"GET","timestamp":"2025-09-17T15:23:14.243Z","url":"/v1/amplo-geral/status-instalacao-breakdown"}
{"level":"info","message":"Request received","method":"GET","timestamp":"2025-09-17T15:23:14.244Z","url":"/v1/amplo-geral"}
{"level":"info","message":"Request received","method":"GET","timestamp":"2025-09-17T15:23:14.246Z","url":"/v1/produtividade/top-cities?ano=2025&limit=10"}
{"level":"info","message":"Request received","method":"GET","timestamp":"2025-09-17T15:23:14.251Z","url":"/v1/produtividade/geral-mensal"}
{"level":"info","message":"Request received","method":"GET","timestamp":"2025-09-17T15:23:14.254Z","url":"/v1/amplo-geral/nome-municipio?nome_municipio=Wanderley"}
{"level":"info","message":"Request received","method":"GET","timestamp":"2025-09-17T15:23:14.279Z","url":"/v1/amplo-geral"}
{"level":"info","message":"Request received","method":"GET","timestamp":"2025-09-17T15:23:14.305Z","url":"/v1/amplo-geral"}
{"level":"info","message":"Request received","method":"GET","timestamp":"2025-09-17T15:23:16.126Z","url":"/v1/amplo-geral/visited-cities"}
{"level":"info","message":"Request received","method":"GET","timestamp":"2025-09-17T15:23:16.142Z","url":"/v1/amplo-geral/status-visita-breakdown"}
{"level":"info","message":"Request received","method":"GET","timestamp":"2025-09-17T15:23:16.154Z","url":"/v1/amplo-geral/status-publicacao-breakdown"}
{"level":"info","message":"Request received","method":"GET","timestamp":"2025-09-17T15:23:16.161Z","url":"/v1/amplo-geral/status-instalacao-breakdown"}
{"level":"info","message":"Request received","method":"GET","timestamp":"2025-09-17T15:23:16.175Z","url":"/v1/amplo-geral"}
{"level":"info","message":"Request received","method":"GET","timestamp":"2025-09-17T15:23:16.179Z","url":"/v1/produtividade/top-cities?ano=2025&limit=10"}
{"level":"info","message":"Request received","method":"GET","timestamp":"2025-09-17T15:23:16.189Z","url":"/v1/produtividade/geral-mensal"}
{"level":"info","message":"Request received","method":"GET","timestamp":"2025-09-17T15:23:16.195Z","url":"/v1/amplo-geral/nome-municipio?nome_municipio=Wanderley"}
{"level":"info","message":"Request received","method":"GET","timestamp":"2025-09-17T15:23:16.199Z","url":"/v1/amplo-geral"}
{"level":"info","message":"Request received","method":"GET","timestamp":"2025-09-17T15:23:16.213Z","url":"/v1/amplo-geral"}
{"level":"info","message":"Request received","method":"GET","timestamp":"2025-09-17T15:23:21.606Z","url":"/v1/amplo-geral/visited-cities"}
{"level":"info","message":"Request received","method":"GET","timestamp":"2025-09-17T15:23:21.613Z","url":"/v1/amplo-geral/status-visita-breakdown"}
{"level":"info","message":"Request received","method":"GET","timestamp":"2025-09-17T15:23:21.615Z","url":"/v1/amplo-geral/status-publicacao-breakdown"}
{"level":"info","message":"Request received","method":"GET","timestamp":"2025-09-17T15:23:21.618Z","url":"/v1/amplo-geral/status-instalacao-breakdown"}
{"level":"info","message":"Request received","method":"GET","timestamp":"2025-09-17T15:23:21.628Z","url":"/v1/amplo-geral"}
{"level":"info","message":"Request received","method":"GET","timestamp":"2025-09-17T15:23:21.632Z","url":"/v1/produtividade/top-cities?ano=2025&limit=10"}
{"level":"info","message":"Request received","method":"GET","timestamp":"2025-09-17T15:23:21.640Z","url":"/v1/produtividade/geral-mensal"}
{"level":"info","message":"Request received","method":"GET","timestamp":"2025-09-17T15:23:21.646Z","url":"/v1/amplo-geral/nome-municipio?nome_municipio=Wanderley"}
{"level":"info","message":"Request received","method":"GET","timestamp":"2025-09-17T15:23:21.648Z","url":"/v1/amplo-geral"}
{"level":"info","message":"Request received","method":"GET","timestamp":"2025-09-17T15:23:21.661Z","url":"/v1/amplo-geral"}
{"level":"info","message":"Request received","method":"GET","timestamp":"2025-09-17T15:23:34.187Z","url":"/v1/amplo-geral/visited-cities"}
{"level":"info","message":"Request received","method":"GET","timestamp":"2025-09-17T15:23:34.213Z","url":"/v1/amplo-geral/status-visita-breakdown"}
{"level":"info","message":"Request received","method":"GET","timestamp":"2025-09-17T15:23:34.226Z","url":"/v1/amplo-geral/status-publicacao-breakdown"}
{"level":"info","message":"Request received","method":"GET","timestamp":"2025-09-17T15:23:34.268Z","url":"/v1/amplo-geral/status-instalacao-breakdown"}
{"level":"info","message":"Request received","method":"GET","timestamp":"2025-09-17T15:23:34.273Z","url":"/v1/amplo-geral"}
{"level":"info","message":"Request received","method":"GET","timestamp":"2025-09-17T15:23:34.275Z","url":"/v1/produtividade/top-cities?ano=2025&limit=10"}
{"level":"info","message":"Request received","method":"GET","timestamp":"2025-09-17T15:23:34.283Z","url":"/v1/produtividade/geral-mensal"}
{"level":"info","message":"Request received","method":"GET","timestamp":"2025-09-17T15:23:34.292Z","url":"/v1/amplo-geral/nome-municipio?nome_municipio=Wanderley"}
{"level":"info","message":"Request received","method":"GET","timestamp":"2025-09-17T15:23:34.299Z","url":"/v1/amplo-geral"}
{"level":"info","message":"Request received","method":"GET","timestamp":"2025-09-17T15:23:34.309Z","url":"/v1/amplo-geral"}
{"level":"info","message":"Request received","method":"GET","timestamp":"2025-09-17T15:23:34.954Z","url":"/v1/amplo-geral/visited-cities"}
{"level":"info","message":"Request received","method":"GET","timestamp":"2025-09-17T15:23:34.956Z","url":"/v1/amplo-geral/status-visita-breakdown"}
{"level":"info","message":"Request received","method":"GET","timestamp":"2025-09-17T15:23:34.958Z","url":"/v1/amplo-geral/status-publicacao-breakdown"}
{"level":"info","message":"Request received","method":"GET","timestamp":"2025-09-17T15:23:34.965Z","url":"/v1/amplo-geral/status-instalacao-breakdown"}
{"level":"info","message":"Request received","method":"GET","timestamp":"2025-09-17T15:23:34.968Z","url":"/v1/amplo-geral"}
{"level":"info","message":"Request received","method":"GET","timestamp":"2025-09-17T15:23:34.970Z","url":"/v1/produtividade/top-cities?ano=2025&limit=10"}
{"level":"info","message":"Request received","method":"GET","timestamp":"2025-09-17T15:23:34.993Z","url":"/v1/produtividade/geral-mensal"}
{"level":"info","message":"Prisma disconnected, server shutting down","timestamp":"2025-09-17T15:25:03.227Z"}
{"level":"info","message":"Server running on port 3000","timestamp":"2025-09-17T15:26:00.309Z"}
{"level":"info","message":"Request received","method":"GET","timestamp":"2025-09-17T15:26:03.231Z","url":"/v1/amplo-geral/visited-cities"}
{"level":"info","message":"Request received","method":"GET","timestamp":"2025-09-17T15:26:03.237Z","url":"/v1/amplo-geral/status-visita-breakdown"}
{"level":"info","message":"Request received","method":"GET","timestamp":"2025-09-17T15:26:03.240Z","url":"/v1/amplo-geral/status-publicacao-breakdown"}
{"level":"info","message":"Request received","method":"GET","timestamp":"2025-09-17T15:26:03.242Z","url":"/v1/amplo-geral/status-instalacao-breakdown"}
{"level":"info","message":"Request received","method":"GET","timestamp":"2025-09-17T15:26:03.244Z","url":"/v1/amplo-geral"}
{"level":"info","message":"Request received","method":"GET","timestamp":"2025-09-17T15:26:03.489Z","url":"/v1/amplo-geral"}
{"level":"info","message":"Request received","method":"GET","timestamp":"2025-09-17T15:26:03.492Z","url":"/v1/produtividade/top-cities?ano=2025&limit=10"}
{"level":"info","message":"Request received","method":"GET","timestamp":"2025-09-17T15:26:03.495Z","url":"/v1/produtividade/geral-mensal"}
{"level":"info","message":"Request received","method":"GET","timestamp":"2025-09-17T15:26:03.498Z","url":"/v1/amplo-geral/status-visita-breakdown"}
{"level":"info","message":"Request received","method":"GET","timestamp":"2025-09-17T15:26:03.500Z","url":"/v1/amplo-geral/status-publicacao-breakdown"}
{"level":"info","message":"Request received","method":"GET","timestamp":"2025-09-17T15:26:03.502Z","url":"/v1/amplo-geral/status-instalacao-breakdown"}
{"level":"info","message":"Request received","method":"GET","timestamp":"2025-09-17T15:26:03.509Z","url":"/v1/amplo-geral"}
{"level":"info","message":"Request received","method":"GET","timestamp":"2025-09-17T15:26:03.514Z","url":"/v1/amplo-geral/status-publicacao-breakdown"}
{"level":"info","message":"Request received","method":"GET","timestamp":"2025-09-17T15:26:03.515Z","url":"/v1/amplo-geral/status-instalacao-breakdown"}
{"level":"info","message":"Request received","method":"GET","timestamp":"2025-09-17T15:26:03.517Z","url":"/v1/amplo-geral/status-visita-breakdown"}
{"level":"info","message":"Request received","method":"GET","timestamp":"2025-09-17T15:26:26.206Z","url":"/v1/amplo-geral/visited-cities"}
{"level":"info","message":"Request received","method":"GET","timestamp":"2025-09-17T15:26:26.212Z","url":"/v1/amplo-geral/status-visita-breakdown"}
{"level":"info","message":"Request received","method":"GET","timestamp":"2025-09-17T15:26:26.215Z","url":"/v1/amplo-geral"}
{"level":"info","message":"Request received","method":"GET","timestamp":"2025-09-17T15:26:26.217Z","url":"/v1/produtividade/top-cities?ano=2025&limit=10"}
{"level":"info","message":"Request received","method":"GET","timestamp":"2025-09-17T15:26:26.220Z","url":"/v1/amplo-geral/status-publicacao-breakdown"}
{"level":"info","message":"Request received","method":"GET","timestamp":"2025-09-17T15:26:26.221Z","url":"/v1/amplo-geral/status-instalacao-breakdown"}
{"level":"info","message":"Request received","method":"GET","timestamp":"2025-09-17T15:26:26.223Z","url":"/v1/produtividade/geral-mensal"}
{"level":"info","message":"Request received","method":"GET","timestamp":"2025-09-17T15:26:26.225Z","url":"/v1/amplo-geral"}
{"level":"info","message":"Request received","method":"GET","timestamp":"2025-09-17T15:26:26.234Z","url":"/v1/amplo-geral"}
{"level":"info","message":"Request received","method":"GET","timestamp":"2025-09-17T15:26:30.037Z","url":"/v1/amplo-geral/visited-cities"}
{"level":"info","message":"Request received","method":"GET","timestamp":"2025-09-17T15:26:30.038Z","url":"/v1/amplo-geral/status-visita-breakdown"}
{"level":"info","message":"Request received","method":"GET","timestamp":"2025-09-17T15:26:30.040Z","url":"/v1/amplo-geral/status-publicacao-breakdown"}
{"level":"info","message":"Request received","method":"GET","timestamp":"2025-09-17T15:26:30.041Z","url":"/v1/amplo-geral/status-instalacao-breakdown"}
{"level":"info","message":"Request received","method":"GET","timestamp":"2025-09-17T15:26:30.042Z","url":"/v1/amplo-geral"}
{"level":"info","message":"Request received","method":"GET","timestamp":"2025-09-17T15:26:30.043Z","url":"/v1/produtividade/top-cities?ano=2025&limit=10"}
{"level":"info","message":"Request received","method":"GET","timestamp":"2025-09-17T15:26:30.049Z","url":"/v1/produtividade/geral-mensal"}
{"level":"info","message":"Request received","method":"GET","timestamp":"2025-09-17T15:26:30.051Z","url":"/v1/amplo-geral"}
{"level":"info","message":"Request received","method":"GET","timestamp":"2025-09-17T15:26:30.060Z","url":"/v1/amplo-geral"}
{"level":"info","message":"Request received","method":"GET","timestamp":"2025-09-17T15:27:24.334Z","url":"/v1/amplo-geral/visited-cities"}
{"level":"info","message":"Request received","method":"GET","timestamp":"2025-09-17T15:27:24.344Z","url":"/v1/amplo-geral/status-visita-breakdown"}
{"level":"info","message":"Request received","method":"GET","timestamp":"2025-09-17T15:27:24.346Z","url":"/v1/amplo-geral/status-publicacao-breakdown"}
{"level":"info","message":"Request received","method":"GET","timestamp":"2025-09-17T15:27:24.347Z","url":"/v1/amplo-geral"}
{"level":"info","message":"Request received","method":"GET","timestamp":"2025-09-17T15:27:24.348Z","url":"/v1/produtividade/top-cities?ano=2025&limit=10"}
{"level":"info","message":"Request received","method":"GET","timestamp":"2025-09-17T15:27:24.350Z","url":"/v1/produtividade/geral-mensal"}
{"level":"info","message":"Request received","method":"GET","timestamp":"2025-09-17T15:27:24.352Z","url":"/v1/amplo-geral/status-instalacao-breakdown"}
{"level":"info","message":"Request received","method":"GET","timestamp":"2025-09-17T15:27:24.358Z","url":"/v1/amplo-geral"}
{"level":"info","message":"Request received","method":"GET","timestamp":"2025-09-17T15:27:24.364Z","url":"/v1/amplo-geral"}
{"level":"info","message":"Request received","method":"GET","timestamp":"2025-09-17T15:27:34.296Z","url":"/v1/amplo-geral/visited-cities"}
{"level":"info","message":"Request received","method":"GET","timestamp":"2025-09-17T15:27:34.296Z","url":"/v1/amplo-geral/status-visita-breakdown"}
{"level":"info","message":"Request received","method":"GET","timestamp":"2025-09-17T15:27:34.297Z","url":"/v1/amplo-geral/status-publicacao-breakdown"}
{"level":"info","message":"Request received","method":"GET","timestamp":"2025-09-17T15:27:34.298Z","url":"/v1/amplo-geral/status-instalacao-breakdown"}
{"level":"info","message":"Request received","method":"GET","timestamp":"2025-09-17T15:27:34.300Z","url":"/v1/amplo-geral"}
{"level":"info","message":"Request received","method":"GET","timestamp":"2025-09-17T15:27:34.301Z","url":"/v1/produtividade/top-cities?ano=2025&limit=10"}
{"level":"info","message":"Request received","method":"GET","timestamp":"2025-09-17T15:27:34.307Z","url":"/v1/produtividade/geral-mensal"}
{"level":"info","message":"Request received","method":"GET","timestamp":"2025-09-17T15:27:34.311Z","url":"/v1/amplo-geral"}
{"level":"info","message":"Request received","method":"GET","timestamp":"2025-09-17T15:27:34.318Z","url":"/v1/amplo-geral"}
{"level":"info","message":"Request received","method":"GET","timestamp":"2025-09-17T15:27:36.230Z","url":"/v1/amplo-geral/nome-municipio?nome_municipio=Salvador"}
{"level":"info","message":"Request received","method":"GET","timestamp":"2025-09-17T15:27:46.885Z","url":"/v1/amplo-geral/visited-cities"}
{"level":"info","message":"Request received","method":"GET","timestamp":"2025-09-17T15:27:46.886Z","url":"/v1/amplo-geral/status-visita-breakdown"}
{"level":"info","message":"Request received","method":"GET","timestamp":"2025-09-17T15:27:46.887Z","url":"/v1/amplo-geral/status-publicacao-breakdown"}
{"level":"info","message":"Request received","method":"GET","timestamp":"2025-09-17T15:27:46.889Z","url":"/v1/amplo-geral/status-instalacao-breakdown"}
{"level":"info","message":"Request received","method":"GET","timestamp":"2025-09-17T15:27:46.890Z","url":"/v1/amplo-geral"}
{"level":"info","message":"Request received","method":"GET","timestamp":"2025-09-17T15:27:46.891Z","url":"/v1/produtividade/top-cities?ano=2025&limit=10"}
{"level":"info","message":"Request received","method":"GET","timestamp":"2025-09-17T15:27:46.897Z","url":"/v1/produtividade/geral-mensal"}
{"level":"info","message":"Request received","method":"GET","timestamp":"2025-09-17T15:27:46.901Z","url":"/v1/amplo-geral"}
{"level":"info","message":"Request received","method":"GET","timestamp":"2025-09-17T15:27:46.908Z","url":"/v1/amplo-geral"}
{"level":"info","message":"Request received","method":"GET","timestamp":"2025-09-17T15:28:01.814Z","url":"/v1/amplo-geral/visited-cities"}
{"level":"info","message":"Request received","method":"GET","timestamp":"2025-09-17T15:28:01.815Z","url":"/v1/amplo-geral/status-visita-breakdown"}
{"level":"info","message":"Request received","method":"GET","timestamp":"2025-09-17T15:28:01.816Z","url":"/v1/amplo-geral/status-publicacao-breakdown"}
{"level":"info","message":"Request received","method":"GET","timestamp":"2025-09-17T15:28:01.816Z","url":"/v1/amplo-geral/status-instalacao-breakdown"}
{"level":"info","message":"Request received","method":"GET","timestamp":"2025-09-17T15:28:01.817Z","url":"/v1/amplo-geral"}
{"level":"info","message":"Request received","method":"GET","timestamp":"2025-09-17T15:28:01.818Z","url":"/v1/produtividade/top-cities?ano=2025&limit=10"}
{"level":"info","message":"Request received","method":"GET","timestamp":"2025-09-17T15:28:01.824Z","url":"/v1/produtividade/geral-mensal"}
{"level":"info","message":"Request received","method":"GET","timestamp":"2025-09-17T15:28:01.828Z","url":"/v1/amplo-geral"}
{"level":"info","message":"Request received","method":"GET","timestamp":"2025-09-17T15:28:01.834Z","url":"/v1/amplo-geral"}
{"level":"info","message":"Request received","method":"GET","timestamp":"2025-09-17T15:28:07.383Z","url":"/v1/amplo-geral/visited-cities"}
{"level":"info","message":"Request received","method":"GET","timestamp":"2025-09-17T15:28:07.384Z","url":"/v1/amplo-geral/status-visita-breakdown"}
{"level":"info","message":"Request received","method":"GET","timestamp":"2025-09-17T15:28:07.385Z","url":"/v1/amplo-geral/status-publicacao-breakdown"}
{"level":"info","message":"Request received","method":"GET","timestamp":"2025-09-17T15:28:07.386Z","url":"/v1/amplo-geral/status-instalacao-breakdown"}
{"level":"info","message":"Request received","method":"GET","timestamp":"2025-09-17T15:28:07.387Z","url":"/v1/amplo-geral"}
{"level":"info","message":"Request received","method":"GET","timestamp":"2025-09-17T15:28:07.390Z","url":"/v1/produtividade/top-cities?ano=2025&limit=10"}
{"level":"info","message":"Request received","method":"GET","timestamp":"2025-09-17T15:28:07.396Z","url":"/v1/produtividade/geral-mensal"}
{"level":"info","message":"Request received","method":"GET","timestamp":"2025-09-17T15:28:07.398Z","url":"/v1/amplo-geral"}
{"level":"info","message":"Request received","method":"GET","timestamp":"2025-09-17T15:28:07.405Z","url":"/v1/amplo-geral"}
{"level":"info","message":"Request received","method":"GET","timestamp":"2025-09-17T15:35:40.676Z","url":"/v1/amplo-geral"}
{"level":"info","message":"Request received","method":"GET","timestamp":"2025-09-17T15:35:40.677Z","url":"/v1/produtividade/top-cities?ano=2025&limit=10"}
{"level":"info","message":"Request received","method":"GET","timestamp":"2025-09-17T15:35:40.678Z","url":"/v1/produtividade/geral-mensal"}
{"level":"info","message":"Request received","method":"GET","timestamp":"2025-09-17T15:43:21.891Z","url":"/v1/amplo-geral"}
{"level":"info","message":"Request received","method":"GET","timestamp":"2025-09-17T15:43:21.893Z","url":"/v1/produtividade/top-cities?ano=2025&limit=10"}
{"level":"info","message":"Request received","method":"GET","timestamp":"2025-09-17T15:43:21.895Z","url":"/v1/produtividade/geral-mensal"}
{"level":"info","message":"Request received","method":"GET","timestamp":"2025-09-17T15:43:21.899Z","url":"/v1/status/visita"}
{"level":"info","message":"Request received","method":"GET","timestamp":"2025-09-17T15:43:21.903Z","url":"/v1/status/publicacao"}
{"level":"info","message":"Request received","method":"GET","timestamp":"2025-09-17T15:43:21.905Z","url":"/v1/status/instalacao"}
{"level":"info","message":"Request received","method":"GET","timestamp":"2025-09-17T15:43:21.917Z","url":"/v1/amplo-geral/visited-cities"}
{"level":"info","message":"Request received","method":"GET","timestamp":"2025-09-17T15:43:21.922Z","url":"/v1/amplo-geral/status-visita-breakdown"}
{"level":"info","message":"Request received","method":"GET","timestamp":"2025-09-17T15:43:21.956Z","url":"/v1/amplo-geral/status-publicacao-breakdown"}
{"level":"info","message":"Request received","method":"GET","timestamp":"2025-09-17T15:43:21.964Z","url":"/v1/amplo-geral/status-instalacao-breakdown"}
{"level":"info","message":"Request received","method":"GET","timestamp":"2025-09-17T15:43:21.979Z","url":"/v1/amplo-geral"}
{"level":"info","message":"Request received","method":"GET","timestamp":"2025-09-17T15:46:22.836Z","url":"/v1/amplo-geral/status-visita-breakdown"}
{"level":"info","message":"Request received","method":"GET","timestamp":"2025-09-17T15:46:22.838Z","url":"/v1/amplo-geral/status-publicacao-breakdown"}
{"level":"info","message":"Request received","method":"GET","timestamp":"2025-09-17T15:46:22.839Z","url":"/v1/amplo-geral/status-instalacao-breakdown"}
{"level":"info","message":"Request received","method":"GET","timestamp":"2025-09-17T15:46:22.840Z","url":"/v1/amplo-geral"}
{"level":"info","message":"Request received","method":"GET","timestamp":"2025-09-17T15:46:22.841Z","url":"/v1/amplo/geral"}
{"level":"info","message":"Request received","method":"GET","timestamp":"2025-09-17T15:46:22.842Z","url":"/v1/visited/cities"}
{"level":"info","message":"Request received","method":"GET","timestamp":"2025-09-17T15:46:22.845Z","url":"/v1/status/visita"}
{"level":"info","message":"Request received","method":"GET","timestamp":"2025-09-17T15:46:22.846Z","url":"/v1/status/publicacao"}
{"level":"info","message":"Request received","method":"GET","timestamp":"2025-09-17T15:46:22.848Z","url":"/v1/status/instalacao"}
{"level":"info","message":"Request received","method":"GET","timestamp":"2025-09-17T15:50:34.704Z","url":"/v1/amplo-geral"}
{"level":"info","message":"Request received","method":"GET","timestamp":"2025-09-17T15:50:34.705Z","url":"/v1/produtividade/top-cities?ano=2025&limit=10"}
{"level":"info","message":"Request received","method":"GET","timestamp":"2025-09-17T15:50:34.707Z","url":"/v1/produtividade/geral-mensal"}
{"level":"info","message":"Request received","method":"GET","timestamp":"2025-09-17T15:56:50.744Z","url":"/v1/amplo-geral"}
{"level":"info","message":"Request received","method":"GET","timestamp":"2025-09-17T15:56:50.746Z","url":"/v1/produtividade/top-cities?ano=2025&limit=10"}
{"level":"info","message":"Request received","method":"GET","timestamp":"2025-09-17T15:56:50.748Z","url":"/v1/produtividade/geral-mensal"}
{"level":"info","message":"Request received","method":"GET","timestamp":"2025-09-17T15:56:55.504Z","url":"/v1/amplo-geral"}
{"level":"info","message":"Request received","method":"GET","timestamp":"2025-09-17T15:56:55.506Z","url":"/v1/amplo-geral/visited-cities"}
{"level":"info","message":"Request received","method":"GET","timestamp":"2025-09-17T15:56:55.541Z","url":"/v1/amplo-geral/status-visita-breakdown"}
{"level":"info","message":"Request received","method":"GET","timestamp":"2025-09-17T15:56:55.542Z","url":"/v1/amplo-geral/status-publicacao-breakdown"}
{"level":"info","message":"Request received","method":"GET","timestamp":"2025-09-17T15:56:55.545Z","url":"/v1/amplo-geral/status-instalacao-breakdown"}
{"level":"info","message":"Request received","method":"GET","timestamp":"2025-09-17T15:56:55.548Z","url":"/v1/amplo-geral"}
{"level":"info","message":"Request received","method":"GET","timestamp":"2025-09-17T15:57:03.607Z","url":"/v1/amplo-geral/nome-municipio?nome_municipio=Barra%20da%20Estiva"}
{"level":"info","message":"Request received","method":"GET","timestamp":"2025-09-17T15:57:05.584Z","url":"/v1/amplo-geral/nome-municipio?nome_municipio=Salvador"}
{"level":"info","message":"Request received","method":"GET","timestamp":"2025-09-17T16:01:38.132Z","url":"/v1/amplo-geral/visited-cities"}
{"level":"info","message":"Request received","method":"GET","timestamp":"2025-09-17T16:01:38.134Z","url":"/v1/amplo-geral/status-visita-breakdown"}
{"level":"info","message":"Request received","method":"GET","timestamp":"2025-09-17T16:01:38.136Z","url":"/v1/amplo-geral/status-publicacao-breakdown"}
{"level":"info","message":"Request received","method":"GET","timestamp":"2025-09-17T16:01:38.149Z","url":"/v1/amplo-geral/status-instalacao-breakdown"}
{"level":"info","message":"Request received","method":"GET","timestamp":"2025-09-17T16:01:38.157Z","url":"/v1/amplo-geral"}
{"level":"info","message":"Request received","method":"GET","timestamp":"2025-09-17T16:01:38.160Z","url":"/v1/amplo-geral/nome-municipio?nome_municipio=Salvador"}
{"level":"info","message":"Request received","method":"GET","timestamp":"2025-09-17T16:01:38.165Z","url":"/v1/amplo-geral"}
{"level":"info","message":"Request received","method":"GET","timestamp":"2025-09-17T16:01:58.672Z","url":"/v1/amplo-geral/visited-cities"}
{"level":"info","message":"Request received","method":"GET","timestamp":"2025-09-17T16:01:58.682Z","url":"/v1/amplo-geral/status-visita-breakdown"}
{"level":"info","message":"Request received","method":"GET","timestamp":"2025-09-17T16:01:58.684Z","url":"/v1/amplo-geral/status-publicacao-breakdown"}
{"level":"info","message":"Request received","method":"GET","timestamp":"2025-09-17T16:01:58.688Z","url":"/v1/amplo-geral/status-instalacao-breakdown"}
{"level":"info","message":"Request received","method":"GET","timestamp":"2025-09-17T16:01:58.691Z","url":"/v1/amplo-geral"}
{"level":"info","message":"Request received","method":"GET","timestamp":"2025-09-17T16:01:58.696Z","url":"/v1/amplo-geral/nome-municipio?nome_municipio=Salvador"}
{"level":"info","message":"Request received","method":"GET","timestamp":"2025-09-17T16:01:58.758Z","url":"/v1/amplo-geral"}
{"level":"info","message":"Request received","method":"GET","timestamp":"2025-09-17T16:02:00.693Z","url":"/v1/amplo-geral/nome-municipio?nome_municipio=Salvador"}
{"level":"info","message":"Request received","method":"GET","timestamp":"2025-09-17T16:02:19.140Z","url":"/v1/amplo-geral/visited-cities"}
{"level":"info","message":"Request received","method":"GET","timestamp":"2025-09-17T16:02:19.141Z","url":"/v1/amplo-geral/status-visita-breakdown"}
{"level":"info","message":"Request received","method":"GET","timestamp":"2025-09-17T16:02:19.143Z","url":"/v1/amplo-geral/status-publicacao-breakdown"}
{"level":"info","message":"Request received","method":"GET","timestamp":"2025-09-17T16:02:19.144Z","url":"/v1/amplo-geral/status-instalacao-breakdown"}
{"level":"info","message":"Request received","method":"GET","timestamp":"2025-09-17T16:02:19.146Z","url":"/v1/amplo-geral"}
{"level":"info","message":"Request received","method":"GET","timestamp":"2025-09-17T16:02:19.147Z","url":"/v1/amplo-geral/nome-municipio?nome_municipio=Salvador"}
{"level":"info","message":"Request received","method":"GET","timestamp":"2025-09-17T16:02:19.154Z","url":"/v1/amplo-geral"}
